[debug] [2021-08-23T15:07:30.267Z] ----------------------------------------------------------------------
[debug] [2021-08-23T15:07:30.268Z] Command:       C:\Program Files\nodejs\node.exe C:\Users\smira\AppData\Roaming\npm\node_modules\firebase-tools\lib\bin\firebase.js init
[debug] [2021-08-23T15:07:30.269Z] CLI Version:   9.16.5
[debug] [2021-08-23T15:07:30.269Z] Platform:      win32
[debug] [2021-08-23T15:07:30.269Z] Node Version:  v15.8.0
[debug] [2021-08-23T15:07:30.273Z] Time:          Mon Aug 23 2021 11:07:30 GMT-0400 (hora estándar de Chile)
[debug] [2021-08-23T15:07:30.273Z] ----------------------------------------------------------------------
[debug] 
[debug] [2021-08-23T15:07:30.276Z] >>> [apiv2][query] GET https://firebase-public.firebaseio.com/cli.json [none]
[debug] [2021-08-23T15:07:30.294Z] > command requires scopes: ["email","openid","https://www.googleapis.com/auth/cloudplatformprojects.readonly","https://www.googleapis.com/auth/firebase","https://www.googleapis.com/auth/cloud-platform"]
[debug] [2021-08-23T15:07:30.294Z] > authorizing via signed-in user (smiranda.ahumada@gmail.com)
[info] 
     ######## #### ########  ######## ########     ###     ######  ########
     ##        ##  ##     ## ##       ##     ##  ##   ##  ##       ##
     ######    ##  ########  ######   ########  #########  ######  ######
     ##        ##  ##    ##  ##       ##     ## ##     ##       ## ##
     ##       #### ##     ## ######## ########  ##     ##  ######  ########

You're about to initialize a Firebase project in this directory:

  C:\Users\smira\OneDrive\Escritorio\Proyectos\React-Redux\redux

[debug] [2021-08-23T15:07:30.822Z] <<< [apiv2][status] GET https://firebase-public.firebaseio.com/cli.json 200
[debug] [2021-08-23T15:07:30.822Z] <<< [apiv2][body] GET https://firebase-public.firebaseio.com/cli.json {"cloudBuildErrorAfter":1594252800000,"cloudBuildWarnAfter":1590019200000,"defaultNode10After":1594252800000,"minVersion":"3.0.5","node8DeploysDisabledAfter":1613390400000,"node8RuntimeDisabledAfter":1615809600000,"node8WarnAfter":1600128000000}
[info] 
=== Project Setup
[info] 
[info] First, let's associate this project directory with a Firebase project.
[info] You can create multiple project aliases by running firebase use --add, 
[info] but for now we'll just set up a default project.
[info] 
[debug] [2021-08-23T15:08:26.316Z] > refreshing access token with scopes: []
[debug] [2021-08-23T15:08:26.316Z] >>> HTTP REQUEST POST https://www.googleapis.com/oauth2/v3/token  
 <request body omitted>
[debug] [2021-08-23T15:08:26.487Z] <<< HTTP RESPONSE 200 {"pragma":"no-cache","date":"Mon, 23 Aug 2021 15:08:34 GMT","cache-control":"no-cache, no-store, max-age=0, must-revalidate","expires":"Mon, 01 Jan 1990 00:00:00 GMT","content-type":"application/json; charset=utf-8","vary":"X-Origin, Referer, Origin,Accept-Encoding","server":"scaffolding on HTTPServer2","x-xss-protection":"0","x-frame-options":"SAMEORIGIN","x-content-type-options":"nosniff","alt-svc":"h3=\":443\"; ma=2592000,h3-29=\":443\"; ma=2592000,h3-T051=\":443\"; ma=2592000,h3-Q050=\":443\"; ma=2592000,h3-Q046=\":443\"; ma=2592000,h3-Q043=\":443\"; ma=2592000,quic=\":443\"; ma=2592000; v=\"46,43\"","accept-ranges":"none","transfer-encoding":"chunked"}
[debug] [2021-08-23T15:08:26.493Z] >>> [apiv2][query] GET https://firebase.googleapis.com/v1beta1/projects pageSize=100
[debug] [2021-08-23T15:08:27.663Z] <<< [apiv2][status] GET https://firebase.googleapis.com/v1beta1/projects 200
[debug] [2021-08-23T15:08:27.664Z] <<< [apiv2][body] GET https://firebase.googleapis.com/v1beta1/projects [omitted]
[info] i  Using project pokemon-redux-ef53c (pokemon-redux) 
[info] 
=== Firestore Setup
[debug] [2021-08-23T15:08:36.898Z] > refreshing access token with scopes: ["email","https://www.googleapis.com/auth/cloud-platform","https://www.googleapis.com/auth/cloudplatformprojects.readonly","https://www.googleapis.com/auth/firebase","openid"]
[debug] [2021-08-23T15:08:36.898Z] >>> HTTP REQUEST POST https://www.googleapis.com/oauth2/v3/token  
 <request body omitted>
[debug] [2021-08-23T15:08:37.008Z] <<< HTTP RESPONSE 200 {"expires":"Mon, 01 Jan 1990 00:00:00 GMT","date":"Mon, 23 Aug 2021 15:08:45 GMT","pragma":"no-cache","cache-control":"no-cache, no-store, max-age=0, must-revalidate","content-type":"application/json; charset=utf-8","vary":"X-Origin, Referer, Origin,Accept-Encoding","server":"scaffolding on HTTPServer2","x-xss-protection":"0","x-frame-options":"SAMEORIGIN","x-content-type-options":"nosniff","alt-svc":"h3=\":443\"; ma=2592000,h3-29=\":443\"; ma=2592000,h3-T051=\":443\"; ma=2592000,h3-Q050=\":443\"; ma=2592000,h3-Q046=\":443\"; ma=2592000,h3-Q043=\":443\"; ma=2592000,quic=\":443\"; ma=2592000; v=\"46,43\"","accept-ranges":"none","transfer-encoding":"chunked"}
[debug] [2021-08-23T15:08:37.018Z] >>> HTTP REQUEST GET https://serviceusage.googleapis.com/v1/projects/pokemon-redux-ef53c/services/firestore.googleapis.com  
 
[debug] [2021-08-23T15:08:38.011Z] <<< HTTP RESPONSE 200 {"content-type":"application/json; charset=UTF-8","vary":"X-Origin, Referer, Origin,Accept-Encoding","date":"Mon, 23 Aug 2021 15:08:46 GMT","server":"ESF","cache-control":"private","x-xss-protection":"0","x-frame-options":"SAMEORIGIN","x-content-type-options":"nosniff","alt-svc":"h3=\":443\"; ma=2592000,h3-29=\":443\"; ma=2592000,h3-T051=\":443\"; ma=2592000,h3-Q050=\":443\"; ma=2592000,h3-Q046=\":443\"; ma=2592000,h3-Q043=\":443\"; ma=2592000,quic=\":443\"; ma=2592000; v=\"46,43\"","accept-ranges":"none","transfer-encoding":"chunked"}
[debug] [2021-08-23T15:08:38.012Z] >>> HTTP REQUEST GET https://appengine.googleapis.com/v1/apps/pokemon-redux-ef53c  
 
[debug] [2021-08-23T15:08:38.928Z] <<< HTTP RESPONSE 200 {"content-type":"application/json; charset=UTF-8","vary":"X-Origin, Referer, Origin,Accept-Encoding","date":"Mon, 23 Aug 2021 15:08:47 GMT","server":"ESF","cache-control":"private","x-xss-protection":"0","x-frame-options":"SAMEORIGIN","x-content-type-options":"nosniff","alt-svc":"h3=\":443\"; ma=2592000,h3-29=\":443\"; ma=2592000,h3-T051=\":443\"; ma=2592000,h3-Q050=\":443\"; ma=2592000,h3-Q046=\":443\"; ma=2592000,h3-Q043=\":443\"; ma=2592000,quic=\":443\"; ma=2592000; v=\"46,43\"","accept-ranges":"none","transfer-encoding":"chunked"}
[debug] [2021-08-23T15:08:38.929Z] database_type: CLOUD_FIRESTORE
[debug] [2021-08-23T15:08:38.929Z] > command requires scopes: ["email","openid","https://www.googleapis.com/auth/cloudplatformprojects.readonly","https://www.googleapis.com/auth/firebase","https://www.googleapis.com/auth/cloud-platform"]
[debug] [2021-08-23T15:08:38.929Z] > authorizing via signed-in user (smiranda.ahumada@gmail.com)
[debug] [2021-08-23T15:08:38.929Z] [iam] checking project pokemon-redux-ef53c for permissions ["firebase.projects.get"]
[debug] [2021-08-23T15:08:38.930Z] >>> HTTP REQUEST POST https://cloudresourcemanager.googleapis.com/v1/projects/pokemon-redux-ef53c:testIamPermissions  
 {"permissions":["firebase.projects.get"]}
[debug] [2021-08-23T15:08:39.865Z] <<< HTTP RESPONSE 200 {"content-type":"application/json; charset=UTF-8","vary":"X-Origin, Referer, Origin,Accept-Encoding","date":"Mon, 23 Aug 2021 15:08:48 GMT","server":"ESF","cache-control":"private","x-xss-protection":"0","x-frame-options":"SAMEORIGIN","x-content-type-options":"nosniff","server-timing":"gfet4t7; dur=829","alt-svc":"h3=\":443\"; ma=2592000,h3-29=\":443\"; ma=2592000,h3-T051=\":443\"; ma=2592000,h3-Q050=\":443\"; ma=2592000,h3-Q046=\":443\"; ma=2592000,h3-Q043=\":443\"; ma=2592000,quic=\":443\"; ma=2592000; v=\"46,43\"","accept-ranges":"none","transfer-encoding":"chunked"}
[info] 
[info] Firestore Security Rules allow you to define how and when to allow
[info] requests. You can keep these rules in your project directory
[info] and publish them with firebase deploy.
[info] 
[debug] [2021-08-23T15:14:02.202Z] >>> HTTP REQUEST GET https://firebaserules.googleapis.com/v1/projects/pokemon-redux-ef53c/releases?pageSize=10&pageToken=  
 
[debug] [2021-08-23T15:14:03.355Z] <<< HTTP RESPONSE 200 {"content-type":"application/json; charset=UTF-8","vary":"X-Origin, Referer, Origin,Accept-Encoding","date":"Mon, 23 Aug 2021 15:14:11 GMT","server":"ESF","cache-control":"private","x-xss-protection":"0","x-frame-options":"SAMEORIGIN","x-content-type-options":"nosniff","alt-svc":"h3=\":443\"; ma=2592000,h3-29=\":443\"; ma=2592000,h3-T051=\":443\"; ma=2592000,h3-Q050=\":443\"; ma=2592000,h3-Q046=\":443\"; ma=2592000,h3-Q043=\":443\"; ma=2592000,quic=\":443\"; ma=2592000; v=\"46,43\"","accept-ranges":"none","transfer-encoding":"chunked"}
[debug] [2021-08-23T15:14:03.355Z] Found ruleset: projects/pokemon-redux-ef53c/rulesets/24ba3aca-054f-4ad7-9829-09d296e818a0
[debug] [2021-08-23T15:14:03.355Z] >>> HTTP REQUEST GET https://firebaserules.googleapis.com/v1/projects/pokemon-redux-ef53c/rulesets/24ba3aca-054f-4ad7-9829-09d296e818a0  
 
[debug] [2021-08-23T15:14:04.341Z] <<< HTTP RESPONSE 200 {"content-type":"application/json; charset=UTF-8","vary":"X-Origin, Referer, Origin,Accept-Encoding","date":"Mon, 23 Aug 2021 15:14:12 GMT","server":"ESF","cache-control":"private","x-xss-protection":"0","x-frame-options":"SAMEORIGIN","x-content-type-options":"nosniff","alt-svc":"h3=\":443\"; ma=2592000,h3-29=\":443\"; ma=2592000,h3-T051=\":443\"; ma=2592000,h3-Q050=\":443\"; ma=2592000,h3-Q046=\":443\"; ma=2592000,h3-Q043=\":443\"; ma=2592000,quic=\":443\"; ma=2592000; v=\"46,43\"","accept-ranges":"none","transfer-encoding":"chunked"}
[info] 
[info] Firestore indexes allow you to perform complex queries while
[info] maintaining performance that scales with the size of the result
[info] set. You can keep index definitions in your project directory
[info] and publish them with firebase deploy.
[info] 
[debug] [2021-08-23T15:16:47.145Z] >>> HTTP REQUEST GET https://firestore.googleapis.com/v1/projects/pokemon-redux-ef53c/databases/(default)/collectionGroups/-/indexes  
 
[debug] [2021-08-23T15:16:47.146Z] >>> HTTP REQUEST GET https://firestore.googleapis.com/v1/projects/pokemon-redux-ef53c/databases/(default)/collectionGroups/-/fields?filter=indexConfig.usesAncestorConfig=false  
 
[debug] [2021-08-23T15:16:47.943Z] <<< HTTP RESPONSE 200 {"content-type":"application/json; charset=UTF-8","vary":"X-Origin, Referer, Origin,Accept-Encoding","date":"Mon, 23 Aug 2021 15:16:56 GMT","server":"ESF","cache-control":"private","x-xss-protection":"0","x-frame-options":"SAMEORIGIN","x-content-type-options":"nosniff","alt-svc":"h3=\":443\"; ma=2592000,h3-29=\":443\"; ma=2592000,h3-T051=\":443\"; ma=2592000,h3-Q050=\":443\"; ma=2592000,h3-Q046=\":443\"; ma=2592000,h3-Q043=\":443\"; ma=2592000,quic=\":443\"; ma=2592000; v=\"46,43\"","accept-ranges":"none","transfer-encoding":"chunked"}
[debug] [2021-08-23T15:16:47.946Z] <<< HTTP RESPONSE 200 {"content-type":"application/json; charset=UTF-8","vary":"X-Origin, Referer, Origin,Accept-Encoding","date":"Mon, 23 Aug 2021 15:16:56 GMT","server":"ESF","cache-control":"private","x-xss-protection":"0","x-frame-options":"SAMEORIGIN","x-content-type-options":"nosniff","alt-svc":"h3=\":443\"; ma=2592000,h3-29=\":443\"; ma=2592000,h3-T051=\":443\"; ma=2592000,h3-Q050=\":443\"; ma=2592000,h3-Q046=\":443\"; ma=2592000,h3-Q043=\":443\"; ma=2592000,quic=\":443\"; ma=2592000; v=\"46,43\"","accept-ranges":"none","transfer-encoding":"chunked"}
[info] 
=== Hosting Setup
[info] 
[info] Your public directory is the folder (relative to your project directory) that
[info] will contain Hosting assets to be uploaded with firebase deploy. If you
[info] have a build process for your assets, use your build's output directory.
[info] 
[debug] [2021-08-23T15:17:03.997Z] >>> [apiv2][query] GET https://www.gstatic.com/firebasejs/releases.json [none]
[debug] [2021-08-23T15:17:04.098Z] <<< [apiv2][status] GET https://www.gstatic.com/firebasejs/releases.json 200
[debug] [2021-08-23T15:17:04.098Z] <<< [apiv2][body] GET https://www.gstatic.com/firebasejs/releases.json {"current":{"version":"8.10.0","browserURL":"https://www.gstatic.com/firebasejs/8.10.0/firebase.js","packageURL":"https://www.gstatic.com/firebasejs/8.10.0/firebase.tgz"},"live":{"version":"8.10","browserURL":"https://www.gstatic.com/firebasejs/live/8.10/firebase.js","packageURL":"https://www.gstatic.com/firebasejs/live/8.10/firebase.tgz"},"components":{"analytics":"https://www.gstatic.com/firebasejs/8.10.0/firebase-analytics.js","app":"https://www.gstatic.com/firebasejs/8.10.0/firebase-app.js","app-check":"https://www.gstatic.com/firebasejs/8.10.0/firebase-app-check.js","auth":"https://www.gstatic.com/firebasejs/8.10.0/firebase-auth.js","database":"https://www.gstatic.com/firebasejs/8.10.0/firebase-database.js","firestore":"https://www.gstatic.com/firebasejs/8.10.0/firebase-firestore.js","functions":"https://www.gstatic.com/firebasejs/8.10.0/firebase-functions.js","installations":"https://www.gstatic.com/firebasejs/8.10.0/firebase-installations.js","messaging":"https://www.gstatic.com/firebasejs/8.10.0/firebase-messaging.js","storage":"https://www.gstatic.com/firebasejs/8.10.0/firebase-storage.js","performance":"https://www.gstatic.com/firebasejs/8.10.0/firebase-performance.js","remote-config":"https://www.gstatic.com/firebasejs/8.10.0/firebase-remote-config.js","firestore.memory":"https://www.gstatic.com/firebasejs/8.10.0/firebase-firestore.memory.js"}}
[debug] [2021-08-23T15:17:04.211Z] Error: ENOENT: no such file or directory, open 'C:\Users\smira\OneDrive\Escritorio\Proyectos\React-Redux\redux\y\index.html'
    at Object.openSync (node:fs:492:3)
    at Object.writeFileSync (node:fs:1516:35)
    at Object.createFileSync (C:\Users\smira\AppData\Roaming\npm\node_modules\firebase-tools\node_modules\fs-extra\lib\ensure\file.js:43:6)
    at Config.writeProjectFile (C:\Users\smira\AppData\Roaming\npm\node_modules\firebase-tools\lib\config.js:144:12)
    at C:\Users\smira\AppData\Roaming\npm\node_modules\firebase-tools\lib\config.js:162:22
    at processTicksAndRejections (node:internal/process/task_queues:94:5)
[error] 
[error] Error: An unexpected error has occurred.
[debug] [2021-08-23T15:17:10.399Z] ----------------------------------------------------------------------
[debug] [2021-08-23T15:17:10.401Z] Command:       C:\Program Files\nodejs\node.exe C:\Users\smira\AppData\Roaming\npm\node_modules\firebase-tools\lib\bin\firebase.js init
[debug] [2021-08-23T15:17:10.401Z] CLI Version:   9.16.5
[debug] [2021-08-23T15:17:10.401Z] Platform:      win32
[debug] [2021-08-23T15:17:10.401Z] Node Version:  v15.8.0
[debug] [2021-08-23T15:17:10.402Z] Time:          Mon Aug 23 2021 11:17:10 GMT-0400 (hora estándar de Chile)
[debug] [2021-08-23T15:17:10.402Z] ----------------------------------------------------------------------
[debug] 
[debug] [2021-08-23T15:17:10.409Z] > command requires scopes: ["email","openid","https://www.googleapis.com/auth/cloudplatformprojects.readonly","https://www.googleapis.com/auth/firebase","https://www.googleapis.com/auth/cloud-platform"]
[debug] [2021-08-23T15:17:10.410Z] > authorizing via signed-in user (smiranda.ahumada@gmail.com)
[info] 
     ######## #### ########  ######## ########     ###     ######  ########
     ##        ##  ##     ## ##       ##     ##  ##   ##  ##       ##
     ######    ##  ########  ######   ########  #########  ######  ######
     ##        ##  ##    ##  ##       ##     ## ##     ##       ## ##
     ##       #### ##     ## ######## ########  ##     ##  ######  ########

You're about to initialize a Firebase project in this directory:

  C:\Users\smira\OneDrive\Escritorio\Proyectos\React-Redux\redux

[info] 
=== Project Setup
[info] 
[info] First, let's associate this project directory with a Firebase project.
[info] You can create multiple project aliases by running firebase use --add, 
[info] but for now we'll just set up a default project.
[info] 
[debug] [2021-08-23T15:17:20.593Z] > refreshing access token with scopes: []
[debug] [2021-08-23T15:17:20.593Z] >>> HTTP REQUEST POST https://www.googleapis.com/oauth2/v3/token  
 <request body omitted>
[debug] [2021-08-23T15:17:20.761Z] <<< HTTP RESPONSE 200 {"date":"Mon, 23 Aug 2021 15:17:29 GMT","pragma":"no-cache","expires":"Mon, 01 Jan 1990 00:00:00 GMT","cache-control":"no-cache, no-store, max-age=0, must-revalidate","content-type":"application/json; charset=utf-8","vary":"X-Origin, Referer, Origin,Accept-Encoding","server":"scaffolding on HTTPServer2","x-xss-protection":"0","x-frame-options":"SAMEORIGIN","x-content-type-options":"nosniff","alt-svc":"h3=\":443\"; ma=2592000,h3-29=\":443\"; ma=2592000,h3-T051=\":443\"; ma=2592000,h3-Q050=\":443\"; ma=2592000,h3-Q046=\":443\"; ma=2592000,h3-Q043=\":443\"; ma=2592000,quic=\":443\"; ma=2592000; v=\"46,43\"","accept-ranges":"none","transfer-encoding":"chunked"}
[debug] [2021-08-23T15:17:20.772Z] >>> [apiv2][query] GET https://firebase.googleapis.com/v1beta1/projects pageSize=100
[debug] [2021-08-23T15:17:22.076Z] <<< [apiv2][status] GET https://firebase.googleapis.com/v1beta1/projects 200
[debug] [2021-08-23T15:17:22.076Z] <<< [apiv2][body] GET https://firebase.googleapis.com/v1beta1/projects [omitted]
[info] i  Using project pokemon-redux-ef53c (pokemon-redux) 
[info] 
=== Firestore Setup
[debug] [2021-08-23T15:17:24.237Z] > refreshing access token with scopes: ["email","https://www.googleapis.com/auth/cloud-platform","https://www.googleapis.com/auth/cloudplatformprojects.readonly","https://www.googleapis.com/auth/firebase","openid"]
[debug] [2021-08-23T15:17:24.237Z] >>> HTTP REQUEST POST https://www.googleapis.com/oauth2/v3/token  
 <request body omitted>
[debug] [2021-08-23T15:17:24.347Z] <<< HTTP RESPONSE 200 {"pragma":"no-cache","date":"Mon, 23 Aug 2021 15:17:32 GMT","expires":"Mon, 01 Jan 1990 00:00:00 GMT","cache-control":"no-cache, no-store, max-age=0, must-revalidate","content-type":"application/json; charset=utf-8","vary":"X-Origin, Referer, Origin,Accept-Encoding","server":"scaffolding on HTTPServer2","x-xss-protection":"0","x-frame-options":"SAMEORIGIN","x-content-type-options":"nosniff","alt-svc":"h3=\":443\"; ma=2592000,h3-29=\":443\"; ma=2592000,h3-T051=\":443\"; ma=2592000,h3-Q050=\":443\"; ma=2592000,h3-Q046=\":443\"; ma=2592000,h3-Q043=\":443\"; ma=2592000,quic=\":443\"; ma=2592000; v=\"46,43\"","accept-ranges":"none","transfer-encoding":"chunked"}
[debug] [2021-08-23T15:17:24.357Z] >>> HTTP REQUEST GET https://serviceusage.googleapis.com/v1/projects/pokemon-redux-ef53c/services/firestore.googleapis.com  
 
[debug] [2021-08-23T15:17:25.477Z] <<< HTTP RESPONSE 200 {"content-type":"application/json; charset=UTF-8","vary":"X-Origin, Referer, Origin,Accept-Encoding","date":"Mon, 23 Aug 2021 15:17:33 GMT","server":"ESF","cache-control":"private","x-xss-protection":"0","x-frame-options":"SAMEORIGIN","x-content-type-options":"nosniff","alt-svc":"h3=\":443\"; ma=2592000,h3-29=\":443\"; ma=2592000,h3-T051=\":443\"; ma=2592000,h3-Q050=\":443\"; ma=2592000,h3-Q046=\":443\"; ma=2592000,h3-Q043=\":443\"; ma=2592000,quic=\":443\"; ma=2592000; v=\"46,43\"","accept-ranges":"none","transfer-encoding":"chunked"}
[debug] [2021-08-23T15:17:25.478Z] >>> HTTP REQUEST GET https://appengine.googleapis.com/v1/apps/pokemon-redux-ef53c  
 
[debug] [2021-08-23T15:17:26.358Z] <<< HTTP RESPONSE 200 {"content-type":"application/json; charset=UTF-8","vary":"X-Origin, Referer, Origin,Accept-Encoding","date":"Mon, 23 Aug 2021 15:17:34 GMT","server":"ESF","cache-control":"private","x-xss-protection":"0","x-frame-options":"SAMEORIGIN","x-content-type-options":"nosniff","alt-svc":"h3=\":443\"; ma=2592000,h3-29=\":443\"; ma=2592000,h3-T051=\":443\"; ma=2592000,h3-Q050=\":443\"; ma=2592000,h3-Q046=\":443\"; ma=2592000,h3-Q043=\":443\"; ma=2592000,quic=\":443\"; ma=2592000; v=\"46,43\"","accept-ranges":"none","transfer-encoding":"chunked"}
[debug] [2021-08-23T15:17:26.358Z] database_type: CLOUD_FIRESTORE
[debug] [2021-08-23T15:17:26.358Z] > command requires scopes: ["email","openid","https://www.googleapis.com/auth/cloudplatformprojects.readonly","https://www.googleapis.com/auth/firebase","https://www.googleapis.com/auth/cloud-platform"]
[debug] [2021-08-23T15:17:26.358Z] > authorizing via signed-in user (smiranda.ahumada@gmail.com)
[debug] [2021-08-23T15:17:26.358Z] [iam] checking project pokemon-redux-ef53c for permissions ["firebase.projects.get"]
[debug] [2021-08-23T15:17:26.359Z] >>> HTTP REQUEST POST https://cloudresourcemanager.googleapis.com/v1/projects/pokemon-redux-ef53c:testIamPermissions  
 {"permissions":["firebase.projects.get"]}
[debug] [2021-08-23T15:17:27.297Z] <<< HTTP RESPONSE 200 {"content-type":"application/json; charset=UTF-8","vary":"X-Origin, Referer, Origin,Accept-Encoding","date":"Mon, 23 Aug 2021 15:17:35 GMT","server":"ESF","cache-control":"private","x-xss-protection":"0","x-frame-options":"SAMEORIGIN","x-content-type-options":"nosniff","server-timing":"gfet4t7; dur=828","alt-svc":"h3=\":443\"; ma=2592000,h3-29=\":443\"; ma=2592000,h3-T051=\":443\"; ma=2592000,h3-Q050=\":443\"; ma=2592000,h3-Q046=\":443\"; ma=2592000,h3-Q043=\":443\"; ma=2592000,quic=\":443\"; ma=2592000; v=\"46,43\"","accept-ranges":"none","transfer-encoding":"chunked"}
[info] 
[info] Firestore Security Rules allow you to define how and when to allow
[info] requests. You can keep these rules in your project directory
[info] and publish them with firebase deploy.
[info] 
[debug] [2021-08-23T15:17:30.388Z] >>> HTTP REQUEST GET https://firebaserules.googleapis.com/v1/projects/pokemon-redux-ef53c/releases?pageSize=10&pageToken=  
 
[debug] [2021-08-23T15:17:31.300Z] <<< HTTP RESPONSE 200 {"content-type":"application/json; charset=UTF-8","vary":"X-Origin, Referer, Origin,Accept-Encoding","date":"Mon, 23 Aug 2021 15:17:39 GMT","server":"ESF","cache-control":"private","x-xss-protection":"0","x-frame-options":"SAMEORIGIN","x-content-type-options":"nosniff","alt-svc":"h3=\":443\"; ma=2592000,h3-29=\":443\"; ma=2592000,h3-T051=\":443\"; ma=2592000,h3-Q050=\":443\"; ma=2592000,h3-Q046=\":443\"; ma=2592000,h3-Q043=\":443\"; ma=2592000,quic=\":443\"; ma=2592000; v=\"46,43\"","accept-ranges":"none","transfer-encoding":"chunked"}
[debug] [2021-08-23T15:17:31.301Z] Found ruleset: projects/pokemon-redux-ef53c/rulesets/24ba3aca-054f-4ad7-9829-09d296e818a0
[debug] [2021-08-23T15:17:31.301Z] >>> HTTP REQUEST GET https://firebaserules.googleapis.com/v1/projects/pokemon-redux-ef53c/rulesets/24ba3aca-054f-4ad7-9829-09d296e818a0  
 
[debug] [2021-08-23T15:17:32.202Z] <<< HTTP RESPONSE 200 {"content-type":"application/json; charset=UTF-8","vary":"X-Origin, Referer, Origin,Accept-Encoding","date":"Mon, 23 Aug 2021 15:17:40 GMT","server":"ESF","cache-control":"private","x-xss-protection":"0","x-frame-options":"SAMEORIGIN","x-content-type-options":"nosniff","alt-svc":"h3=\":443\"; ma=2592000,h3-29=\":443\"; ma=2592000,h3-T051=\":443\"; ma=2592000,h3-Q050=\":443\"; ma=2592000,h3-Q046=\":443\"; ma=2592000,h3-Q043=\":443\"; ma=2592000,quic=\":443\"; ma=2592000; v=\"46,43\"","accept-ranges":"none","transfer-encoding":"chunked"}
[info] 
[info] Firestore indexes allow you to perform complex queries while
[info] maintaining performance that scales with the size of the result
[info] set. You can keep index definitions in your project directory
[info] and publish them with firebase deploy.
[info] 
[debug] [2021-08-23T15:17:37.864Z] >>> HTTP REQUEST GET https://firestore.googleapis.com/v1/projects/pokemon-redux-ef53c/databases/(default)/collectionGroups/-/indexes  
 
[debug] [2021-08-23T15:17:37.864Z] >>> HTTP REQUEST GET https://firestore.googleapis.com/v1/projects/pokemon-redux-ef53c/databases/(default)/collectionGroups/-/fields?filter=indexConfig.usesAncestorConfig=false  
 
[debug] [2021-08-23T15:17:38.456Z] <<< HTTP RESPONSE 200 {"content-type":"application/json; charset=UTF-8","vary":"X-Origin, Referer, Origin,Accept-Encoding","date":"Mon, 23 Aug 2021 15:17:46 GMT","server":"ESF","cache-control":"private","x-xss-protection":"0","x-frame-options":"SAMEORIGIN","x-content-type-options":"nosniff","alt-svc":"h3=\":443\"; ma=2592000,h3-29=\":443\"; ma=2592000,h3-T051=\":443\"; ma=2592000,h3-Q050=\":443\"; ma=2592000,h3-Q046=\":443\"; ma=2592000,h3-Q043=\":443\"; ma=2592000,quic=\":443\"; ma=2592000; v=\"46,43\"","accept-ranges":"none","transfer-encoding":"chunked"}
[debug] [2021-08-23T15:17:38.461Z] <<< HTTP RESPONSE 200 {"content-type":"application/json; charset=UTF-8","vary":"X-Origin, Referer, Origin,Accept-Encoding","date":"Mon, 23 Aug 2021 15:17:46 GMT","server":"ESF","cache-control":"private","x-xss-protection":"0","x-frame-options":"SAMEORIGIN","x-content-type-options":"nosniff","alt-svc":"h3=\":443\"; ma=2592000,h3-29=\":443\"; ma=2592000,h3-T051=\":443\"; ma=2592000,h3-Q050=\":443\"; ma=2592000,h3-Q046=\":443\"; ma=2592000,h3-Q043=\":443\"; ma=2592000,quic=\":443\"; ma=2592000; v=\"46,43\"","accept-ranges":"none","transfer-encoding":"chunked"}
[info] 
=== Hosting Setup
[info] 
[info] Your public directory is the folder (relative to your project directory) that
[info] will contain Hosting assets to be uploaded with firebase deploy. If you
[info] have a build process for your assets, use your build's output directory.
[info] 
[debug] [2021-08-23T15:17:45.736Z] >>> [apiv2][query] GET https://www.gstatic.com/firebasejs/releases.json [none]
[debug] [2021-08-23T15:17:45.824Z] <<< [apiv2][status] GET https://www.gstatic.com/firebasejs/releases.json 200
[debug] [2021-08-23T15:17:45.825Z] <<< [apiv2][body] GET https://www.gstatic.com/firebasejs/releases.json {"current":{"version":"8.10.0","browserURL":"https://www.gstatic.com/firebasejs/8.10.0/firebase.js","packageURL":"https://www.gstatic.com/firebasejs/8.10.0/firebase.tgz"},"live":{"version":"8.10","browserURL":"https://www.gstatic.com/firebasejs/live/8.10/firebase.js","packageURL":"https://www.gstatic.com/firebasejs/live/8.10/firebase.tgz"},"components":{"analytics":"https://www.gstatic.com/firebasejs/8.10.0/firebase-analytics.js","app":"https://www.gstatic.com/firebasejs/8.10.0/firebase-app.js","app-check":"https://www.gstatic.com/firebasejs/8.10.0/firebase-app-check.js","auth":"https://www.gstatic.com/firebasejs/8.10.0/firebase-auth.js","database":"https://www.gstatic.com/firebasejs/8.10.0/firebase-database.js","firestore":"https://www.gstatic.com/firebasejs/8.10.0/firebase-firestore.js","functions":"https://www.gstatic.com/firebasejs/8.10.0/firebase-functions.js","installations":"https://www.gstatic.com/firebasejs/8.10.0/firebase-installations.js","messaging":"https://www.gstatic.com/firebasejs/8.10.0/firebase-messaging.js","storage":"https://www.gstatic.com/firebasejs/8.10.0/firebase-storage.js","performance":"https://www.gstatic.com/firebasejs/8.10.0/firebase-performance.js","remote-config":"https://www.gstatic.com/firebasejs/8.10.0/firebase-remote-config.js","firestore.memory":"https://www.gstatic.com/firebasejs/8.10.0/firebase-firestore.memory.js"}}
[debug] [2021-08-23T15:17:45.934Z] Error: ENOENT: no such file or directory, open 'C:\Users\smira\OneDrive\Escritorio\Proyectos\React-Redux\redux\y\index.html'
    at Object.openSync (node:fs:492:3)
    at Object.writeFileSync (node:fs:1516:35)
    at Object.createFileSync (C:\Users\smira\AppData\Roaming\npm\node_modules\firebase-tools\node_modules\fs-extra\lib\ensure\file.js:43:6)
    at Config.writeProjectFile (C:\Users\smira\AppData\Roaming\npm\node_modules\firebase-tools\lib\config.js:144:12)
    at C:\Users\smira\AppData\Roaming\npm\node_modules\firebase-tools\lib\config.js:162:22
    at processTicksAndRejections (node:internal/process/task_queues:94:5)
[error] 
[error] Error: An unexpected error has occurred.
[debug] [2021-08-23T15:27:13.333Z] ----------------------------------------------------------------------
[debug] [2021-08-23T15:27:13.334Z] Command:       C:\Program Files\nodejs\node.exe C:\Users\smira\AppData\Roaming\npm\node_modules\firebase-tools\lib\bin\firebase.js init
[debug] [2021-08-23T15:27:13.334Z] CLI Version:   9.16.5
[debug] [2021-08-23T15:27:13.334Z] Platform:      win32
[debug] [2021-08-23T15:27:13.335Z] Node Version:  v15.8.0
[debug] [2021-08-23T15:27:13.336Z] Time:          Mon Aug 23 2021 11:27:13 GMT-0400 (hora estándar de Chile)
[debug] [2021-08-23T15:27:13.337Z] ----------------------------------------------------------------------
[debug] 
[debug] [2021-08-23T15:27:13.344Z] > command requires scopes: ["email","openid","https://www.googleapis.com/auth/cloudplatformprojects.readonly","https://www.googleapis.com/auth/firebase","https://www.googleapis.com/auth/cloud-platform"]
[debug] [2021-08-23T15:27:13.344Z] > authorizing via signed-in user (smiranda.ahumada@gmail.com)
[info] 
     ######## #### ########  ######## ########     ###     ######  ########
     ##        ##  ##     ## ##       ##     ##  ##   ##  ##       ##
     ######    ##  ########  ######   ########  #########  ######  ######
     ##        ##  ##    ##  ##       ##     ## ##     ##       ## ##
     ##       #### ##     ## ######## ########  ##     ##  ######  ########

You're about to initialize a Firebase project in this directory:

  C:\Users\smira\OneDrive\Escritorio\Proyectos\React-Redux\redux

[info] 
=== Project Setup
[info] 
[info] First, let's associate this project directory with a Firebase project.
[info] You can create multiple project aliases by running firebase use --add, 
[info] but for now we'll just set up a default project.
[info] 
[debug] [2021-08-23T15:31:12.162Z] > refreshing access token with scopes: []
[debug] [2021-08-23T15:31:12.163Z] >>> HTTP REQUEST POST https://www.googleapis.com/oauth2/v3/token  
 <request body omitted>
[debug] [2021-08-23T15:31:12.314Z] <<< HTTP RESPONSE 200 {"pragma":"no-cache","cache-control":"no-cache, no-store, max-age=0, must-revalidate","date":"Mon, 23 Aug 2021 15:31:20 GMT","expires":"Mon, 01 Jan 1990 00:00:00 GMT","content-type":"application/json; charset=utf-8","vary":"X-Origin, Referer, Origin,Accept-Encoding","server":"scaffolding on HTTPServer2","x-xss-protection":"0","x-frame-options":"SAMEORIGIN","x-content-type-options":"nosniff","alt-svc":"h3=\":443\"; ma=2592000,h3-29=\":443\"; ma=2592000,h3-T051=\":443\"; ma=2592000,h3-Q050=\":443\"; ma=2592000,h3-Q046=\":443\"; ma=2592000,h3-Q043=\":443\"; ma=2592000,quic=\":443\"; ma=2592000; v=\"46,43\"","accept-ranges":"none","transfer-encoding":"chunked"}
[debug] [2021-08-23T15:31:12.322Z] >>> [apiv2][query] GET https://firebase.googleapis.com/v1beta1/projects pageSize=100
[debug] [2021-08-23T15:31:13.363Z] <<< [apiv2][status] GET https://firebase.googleapis.com/v1beta1/projects 200
[debug] [2021-08-23T15:31:13.364Z] <<< [apiv2][body] GET https://firebase.googleapis.com/v1beta1/projects [omitted]
[info] i  Using project pokemon-redux-ef53c (pokemon-redux) 
[info] 
=== Firestore Setup
[debug] [2021-08-23T15:31:15.089Z] > refreshing access token with scopes: ["email","https://www.googleapis.com/auth/cloud-platform","https://www.googleapis.com/auth/cloudplatformprojects.readonly","https://www.googleapis.com/auth/firebase","openid"]
[debug] [2021-08-23T15:31:15.089Z] >>> HTTP REQUEST POST https://www.googleapis.com/oauth2/v3/token  
 <request body omitted>
[debug] [2021-08-23T15:31:15.197Z] <<< HTTP RESPONSE 200 {"cache-control":"no-cache, no-store, max-age=0, must-revalidate","date":"Mon, 23 Aug 2021 15:31:23 GMT","pragma":"no-cache","expires":"Mon, 01 Jan 1990 00:00:00 GMT","content-type":"application/json; charset=utf-8","vary":"X-Origin, Referer, Origin,Accept-Encoding","server":"scaffolding on HTTPServer2","x-xss-protection":"0","x-frame-options":"SAMEORIGIN","x-content-type-options":"nosniff","alt-svc":"h3=\":443\"; ma=2592000,h3-29=\":443\"; ma=2592000,h3-T051=\":443\"; ma=2592000,h3-Q050=\":443\"; ma=2592000,h3-Q046=\":443\"; ma=2592000,h3-Q043=\":443\"; ma=2592000,quic=\":443\"; ma=2592000; v=\"46,43\"","accept-ranges":"none","transfer-encoding":"chunked"}
[debug] [2021-08-23T15:31:15.207Z] >>> HTTP REQUEST GET https://serviceusage.googleapis.com/v1/projects/pokemon-redux-ef53c/services/firestore.googleapis.com  
 
[debug] [2021-08-23T15:31:16.255Z] <<< HTTP RESPONSE 200 {"content-type":"application/json; charset=UTF-8","vary":"X-Origin, Referer, Origin,Accept-Encoding","date":"Mon, 23 Aug 2021 15:31:24 GMT","server":"ESF","cache-control":"private","x-xss-protection":"0","x-frame-options":"SAMEORIGIN","x-content-type-options":"nosniff","alt-svc":"h3=\":443\"; ma=2592000,h3-29=\":443\"; ma=2592000,h3-T051=\":443\"; ma=2592000,h3-Q050=\":443\"; ma=2592000,h3-Q046=\":443\"; ma=2592000,h3-Q043=\":443\"; ma=2592000,quic=\":443\"; ma=2592000; v=\"46,43\"","accept-ranges":"none","transfer-encoding":"chunked"}
[debug] [2021-08-23T15:31:16.256Z] >>> HTTP REQUEST GET https://appengine.googleapis.com/v1/apps/pokemon-redux-ef53c  
 
[debug] [2021-08-23T15:31:17.228Z] <<< HTTP RESPONSE 200 {"content-type":"application/json; charset=UTF-8","vary":"X-Origin, Referer, Origin,Accept-Encoding","date":"Mon, 23 Aug 2021 15:31:25 GMT","server":"ESF","cache-control":"private","x-xss-protection":"0","x-frame-options":"SAMEORIGIN","x-content-type-options":"nosniff","alt-svc":"h3=\":443\"; ma=2592000,h3-29=\":443\"; ma=2592000,h3-T051=\":443\"; ma=2592000,h3-Q050=\":443\"; ma=2592000,h3-Q046=\":443\"; ma=2592000,h3-Q043=\":443\"; ma=2592000,quic=\":443\"; ma=2592000; v=\"46,43\"","accept-ranges":"none","transfer-encoding":"chunked"}
[debug] [2021-08-23T15:31:17.229Z] database_type: CLOUD_FIRESTORE
[debug] [2021-08-23T15:31:17.229Z] > command requires scopes: ["email","openid","https://www.googleapis.com/auth/cloudplatformprojects.readonly","https://www.googleapis.com/auth/firebase","https://www.googleapis.com/auth/cloud-platform"]
[debug] [2021-08-23T15:31:17.229Z] > authorizing via signed-in user (smiranda.ahumada@gmail.com)
[debug] [2021-08-23T15:31:17.229Z] [iam] checking project pokemon-redux-ef53c for permissions ["firebase.projects.get"]
[debug] [2021-08-23T15:31:17.230Z] >>> HTTP REQUEST POST https://cloudresourcemanager.googleapis.com/v1/projects/pokemon-redux-ef53c:testIamPermissions  
 {"permissions":["firebase.projects.get"]}
[debug] [2021-08-23T15:31:18.175Z] <<< HTTP RESPONSE 200 {"content-type":"application/json; charset=UTF-8","vary":"X-Origin, Referer, Origin,Accept-Encoding","date":"Mon, 23 Aug 2021 15:31:26 GMT","server":"ESF","cache-control":"private","x-xss-protection":"0","x-frame-options":"SAMEORIGIN","x-content-type-options":"nosniff","server-timing":"gfet4t7; dur=822","alt-svc":"h3=\":443\"; ma=2592000,h3-29=\":443\"; ma=2592000,h3-T051=\":443\"; ma=2592000,h3-Q050=\":443\"; ma=2592000,h3-Q046=\":443\"; ma=2592000,h3-Q043=\":443\"; ma=2592000,quic=\":443\"; ma=2592000; v=\"46,43\"","accept-ranges":"none","transfer-encoding":"chunked"}
[info] 
[info] Firestore Security Rules allow you to define how and when to allow
[info] requests. You can keep these rules in your project directory
[info] and publish them with firebase deploy.
[info] 
